<?xml version="1.0" encoding="UTF-8"?>
<testsuite name="service.user.AuthenticationServiceMySQLTest" tests="3" skipped="0" failures="0" errors="0" timestamp="2022-03-19T13:26:23" hostname="DESKTOP-JEPQF9G" time="0.049">
  <properties/>
  <testcase name="logout()" classname="service.user.AuthenticationServiceMySQLTest" time="0.016"/>
  <testcase name="register()" classname="service.user.AuthenticationServiceMySQLTest" time="0.021"/>
  <testcase name="login()" classname="service.user.AuthenticationServiceMySQLTest" time="0.011"/>
  <system-out><![CDATA[]]></system-out>
  <system-err><![CDATA[Sat Mar 19 15:26:23 EET 2022 WARN: Establishing SSL connection without server's identity verification is not recommended. According to MySQL 5.5.45+, 5.6.26+ and 5.7.6+ requirements SSL connection must be established by default if explicit option isn't set. For compliance with existing applications not using SSL the verifyServerCertificate property is set to 'false'. You need either to explicitly disable SSL by setting useSSL=false, or set useSSL=true and provide truststore for server certificate verification.
]]></system-err>
</testsuite>
