<?xml version="1.0" encoding="UTF-8"?>
<testsuite name="repositories.account.AccountRepositoryMySQLTest" tests="1" skipped="0" failures="0" errors="0" timestamp="2022-04-04T10:28:30" hostname="DESKTOP-7NE8SG7" time="0.045">
  <properties/>
  <testcase name="findAllByClientId()" classname="repositories.account.AccountRepositoryMySQLTest" time="0.045"/>
  <system-out><![CDATA[]]></system-out>
  <system-err><![CDATA[Mon Apr 04 13:28:29 EEST 2022 WARN: Establishing SSL connection without server's identity verification is not recommended. According to MySQL 5.5.45+, 5.6.26+ and 5.7.6+ requirements SSL connection must be established by default if explicit option isn't set. For compliance with existing applications not using SSL the verifyServerCertificate property is set to 'false'. You need either to explicitly disable SSL by setting useSSL=false, or set useSSL=true and provide truststore for server certificate verification.
]]></system-err>
</testsuite>
